[INFO] Scanning for projects...
[INFO] 
[INFO] -----------------< com.posgateway:aml-fraud-detector >------------------
[INFO] Building AML Fraud Detector 1.0.0-SNAPSHOT
[INFO]   from pom.xml
[INFO] --------------------------------[ jar ]---------------------------------
[INFO] 
[INFO] >>> spring-boot:3.2.0:run (default-cli) > test-compile @ aml-fraud-detector >>>
[INFO] 
[INFO] --- resources:3.3.1:resources (default-resources) @ aml-fraud-detector ---
[INFO] Copying 3 resources from src\main\resources to target\classes
[INFO] Copying 42 resources from src\main\resources to target\classes
[INFO] 
[INFO] --- compiler:3.11.0:compile (default-compile) @ aml-fraud-detector ---
[INFO] Nothing to compile - all classes are up to date
[INFO] 
[INFO] --- resources:3.3.1:testResources (default-testResources) @ aml-fraud-detector ---
[INFO] skip non existing resourceDirectory D:\PROJECTS\POS_GATEWAY\APP\AML_FRAU_DETECTOR\src\test\resources
[INFO] 
[INFO] --- compiler:3.11.0:testCompile (default-testCompile) @ aml-fraud-detector ---
[INFO] Nothing to compile - all classes are up to date
[INFO] 
[INFO] <<< spring-boot:3.2.0:run (default-cli) < test-compile @ aml-fraud-detector <<<
[INFO] 
[INFO] 
[INFO] --- spring-boot:3.2.0:run (default-cli) @ aml-fraud-detector ---
[INFO] Attaching agents: []
Standard Commons Logging discovery in action with spring-jcl: please remove commons-logging.jar from classpath in order to avoid potential conflicts

  .   ____          _            __ _ _
 /\\ / ___'_ __ _ _(_)_ __  __ _ \ \ \ \
( ( )\___ | '_ | '_| | '_ \/ _` | \ \ \ \
 \\/  ___)| |_)| | | | | || (_| |  ) ) ) )
  '  |____| .__|_| |_|_| |_\__, | / / / /
 =========|_|==============|___/=/_/_/_/
 :: Spring Boot ::                (v3.2.0)

2026-01-07T15:27:21.269+03:00  INFO 18020 --- [aml-fraud-detector] [           main] c.p.aml.AmlFraudDetectorApplication      : Starting AmlFraudDetectorApplication using Java 21.0.9 with PID 18020 (D:\PROJECTS\POS_GATEWAY\APP\AML_FRAU_DETECTOR\target\classes started by Kevin.Njenga in D:\PROJECTS\POS_GATEWAY\APP\AML_FRAU_DETECTOR)
2026-01-07T15:27:21.271+03:00  INFO 18020 --- [aml-fraud-detector] [           main] c.p.aml.AmlFraudDetectorApplication      : No active profile set, falling back to 1 default profile: "default"
2026-01-07T15:27:22.770+03:00  INFO 18020 --- [aml-fraud-detector] [           main] .s.d.r.c.RepositoryConfigurationDelegate : Multiple Spring Data modules found, entering strict repository configuration mode
2026-01-07T15:27:22.772+03:00  INFO 18020 --- [aml-fraud-detector] [           main] .s.d.r.c.RepositoryConfigurationDelegate : Bootstrapping Spring Data JPA repositories in DEFAULT mode.
2026-01-07T15:27:23.053+03:00  INFO 18020 --- [aml-fraud-detector] [           main] .s.d.r.c.RepositoryConfigurationDelegate : Finished Spring Data repository scanning in 273 ms. Found 60 JPA repository interfaces.
2026-01-07T15:27:24.150+03:00  INFO 18020 --- [aml-fraud-detector] [           main] o.s.b.w.embedded.tomcat.TomcatWebServer  : Tomcat initialized with port 2637 (http)
2026-01-07T15:27:24.156+03:00  INFO 18020 --- [aml-fraud-detector] [           main] o.apache.catalina.core.StandardService   : Starting service [Tomcat]
2026-01-07T15:27:24.156+03:00  INFO 18020 --- [aml-fraud-detector] [           main] o.apache.catalina.core.StandardEngine    : Starting Servlet engine: [Apache Tomcat/10.1.16]
2026-01-07T15:27:24.221+03:00  INFO 18020 --- [aml-fraud-detector] [           main] o.a.c.c.C.[.[localhost].[/api/v1]        : Initializing Spring embedded WebApplicationContext
2026-01-07T15:27:24.222+03:00  INFO 18020 --- [aml-fraud-detector] [           main] w.s.c.ServletWebServerApplicationContext : Root WebApplicationContext: initialization completed in 2753 ms
Standard Commons Logging discovery in action with spring-jcl: please remove commons-logging.jar from classpath in order to avoid potential conflicts
2026-01-07T15:27:24.514+03:00 ERROR 18020 --- [aml-fraud-detector] [           main] o.s.b.web.embedded.tomcat.TomcatStarter  : Error starting Tomcat context. Exception: org.springframework.beans.factory.UnsatisfiedDependencyException. Message: Error creating bean with name 'rateLimitingFilter' defined in file [D:\PROJECTS\POS_GATEWAY\APP\AML_FRAU_DETECTOR\target\classes\com\posgateway\aml\config\RateLimitingFilter.class]: Unsatisfied dependency expressed through constructor parameter 0: Error creating bean with name 'quotaService' defined in file [D:\PROJECTS\POS_GATEWAY\APP\AML_FRAU_DETECTOR\target\classes\com\posgateway\aml\service\psp\QuotaService.class]: Unsatisfied dependency expressed through constructor parameter 0: Error creating bean with name 'pspRepository' defined in com.posgateway.aml.repository.PspRepository defined in @EnableJpaRepositories declared on JpaRepositoriesRegistrar.EnableJpaRepositoriesConfiguration: Cannot resolve reference to bean 'jpaSharedEM_entityManagerFactory' while setting bean property 'entityManager'
2026-01-07T15:27:24.532+03:00  INFO 18020 --- [aml-fraud-detector] [           main] o.apache.catalina.core.StandardService   : Stopping service [Tomcat]
2026-01-07T15:27:24.537+03:00  WARN 18020 --- [aml-fraud-detector] [           main] ConfigServletWebServerApplicationContext : Exception encountered during context initialization - cancelling refresh attempt: org.springframework.context.ApplicationContextException: Unable to start web server
2026-01-07T15:27:24.549+03:00  INFO 18020 --- [aml-fraud-detector] [           main] .s.b.a.l.ConditionEvaluationReportLogger : 

Error starting ApplicationContext. To display the condition evaluation report re-run your application with 'debug' enabled.
2026-01-07T15:27:24.560+03:00 ERROR 18020 --- [aml-fraud-detector] [           main] o.s.b.d.LoggingFailureAnalysisReporter   : 

***************************
APPLICATION FAILED TO START
***************************

Description:

Failed to configure a DataSource: 'url' attribute is not specified and no embedded datasource could be configured.

Reason: Failed to determine a suitable driver class


Action:

Consider the following:
	If you want an embedded database (H2, HSQL or Derby), please put it on the classpath.
	If you have database settings to be loaded from a particular profile you may need to activate it (no profiles are currently active).

[INFO] ------------------------------------------------------------------------
[INFO] BUILD FAILURE
[INFO] ------------------------------------------------------------------------
[INFO] Total time:  6.608 s
[INFO] Finished at: 2026-01-07T15:27:24+03:00
[INFO] ------------------------------------------------------------------------
[ERROR] Failed to execute goal org.springframework.boot:spring-boot-maven-plugin:3.2.0:run (default-cli) on project aml-fraud-detector: Process terminated with exit code: 1 -> [Help 1]
[ERROR] 
[ERROR] To see the full stack trace of the errors, re-run Maven with the -e switch.
[ERROR] Re-run Maven using the -X switch to enable full debug logging.
[ERROR] 
[ERROR] For more information about the errors and possible solutions, please read the following articles:
[ERROR] [Help 1] http://cwiki.apache.org/confluence/display/MAVEN/MojoExecutionException
