[INFO] Scanning for projects...
[INFO] 
[INFO] -----------------< com.posgateway:aml-fraud-detector >------------------
[INFO] Building AML Fraud Detector 1.0.0-SNAPSHOT
[INFO]   from pom.xml
[INFO] --------------------------------[ jar ]---------------------------------
[INFO] 
[INFO] >>> spring-boot:3.2.0:run (default-cli) > test-compile @ aml-fraud-detector >>>
[INFO] 
[INFO] --- resources:3.3.1:resources (default-resources) @ aml-fraud-detector ---
[INFO] Copying 3 resources from src\main\resources to target\classes
[INFO] Copying 42 resources from src\main\resources to target\classes
[INFO] 
[INFO] --- compiler:3.11.0:compile (default-compile) @ aml-fraud-detector ---
[INFO] Nothing to compile - all classes are up to date
[INFO] 
[INFO] --- resources:3.3.1:testResources (default-testResources) @ aml-fraud-detector ---
[INFO] skip non existing resourceDirectory D:\PROJECTS\POS_GATEWAY\APP\AML_FRAU_DETECTOR\src\test\resources
[INFO] 
[INFO] --- compiler:3.11.0:testCompile (default-testCompile) @ aml-fraud-detector ---
[INFO] Nothing to compile - all classes are up to date
[INFO] 
[INFO] <<< spring-boot:3.2.0:run (default-cli) < test-compile @ aml-fraud-detector <<<
[INFO] 
[INFO] 
[INFO] --- spring-boot:3.2.0:run (default-cli) @ aml-fraud-detector ---
[INFO] Attaching agents: []
Standard Commons Logging discovery in action with spring-jcl: please remove commons-logging.jar from classpath in order to avoid potential conflicts

  .   ____          _            __ _ _
 /\\ / ___'_ __ _ _(_)_ __  __ _ \ \ \ \
( ( )\___ | '_ | '_| | '_ \/ _` | \ \ \ \
 \\/  ___)| |_)| | | | | || (_| |  ) ) ) )
  '  |____| .__|_| |_|_| |_\__, | / / / /
 =========|_|==============|___/=/_/_/_/
 :: Spring Boot ::                (v3.2.0)

2026-01-07T17:40:05.856+03:00  INFO 27420 --- [aml-fraud-detector] [           main] c.p.aml.AmlFraudDetectorApplication      : Starting AmlFraudDetectorApplication using Java 21.0.9 with PID 27420 (D:\PROJECTS\POS_GATEWAY\APP\AML_FRAU_DETECTOR\target\classes started by Kevin.Njenga in D:\PROJECTS\POS_GATEWAY\APP\AML_FRAU_DETECTOR)
2026-01-07T17:40:05.858+03:00 DEBUG 27420 --- [aml-fraud-detector] [           main] c.p.aml.AmlFraudDetectorApplication      : Running with Spring Boot v3.2.0, Spring v6.1.1
2026-01-07T17:40:05.860+03:00  INFO 27420 --- [aml-fraud-detector] [           main] c.p.aml.AmlFraudDetectorApplication      : The following 1 profile is active: "dev"
2026-01-07T17:40:07.236+03:00  INFO 27420 --- [aml-fraud-detector] [           main] .s.d.r.c.RepositoryConfigurationDelegate : Multiple Spring Data modules found, entering strict repository configuration mode
2026-01-07T17:40:07.238+03:00  INFO 27420 --- [aml-fraud-detector] [           main] .s.d.r.c.RepositoryConfigurationDelegate : Bootstrapping Spring Data JPA repositories in DEFAULT mode.
2026-01-07T17:40:07.470+03:00  INFO 27420 --- [aml-fraud-detector] [           main] .s.d.r.c.RepositoryConfigurationDelegate : Finished Spring Data repository scanning in 227 ms. Found 60 JPA repository interfaces.
2026-01-07T17:40:08.624+03:00  INFO 27420 --- [aml-fraud-detector] [           main] o.s.b.w.embedded.tomcat.TomcatWebServer  : Tomcat initialized with port 2637 (http)
2026-01-07T17:40:08.632+03:00  INFO 27420 --- [aml-fraud-detector] [           main] o.apache.catalina.core.StandardService   : Starting service [Tomcat]
2026-01-07T17:40:08.633+03:00  INFO 27420 --- [aml-fraud-detector] [           main] o.apache.catalina.core.StandardEngine    : Starting Servlet engine: [Apache Tomcat/10.1.16]
2026-01-07T17:40:08.691+03:00  INFO 27420 --- [aml-fraud-detector] [           main] o.a.c.c.C.[.[localhost].[/api/v1]        : Initializing Spring embedded WebApplicationContext
2026-01-07T17:40:08.692+03:00  INFO 27420 --- [aml-fraud-detector] [           main] w.s.c.ServletWebServerApplicationContext : Root WebApplicationContext: initialization completed in 2656 ms
Standard Commons Logging discovery in action with spring-jcl: please remove commons-logging.jar from classpath in order to avoid potential conflicts
2026-01-07T17:40:09.195+03:00  INFO 27420 --- [aml-fraud-detector] [           main] com.zaxxer.hikari.HikariDataSource       : HikariPool-1 - Starting...
2026-01-07T17:40:09.353+03:00  INFO 27420 --- [aml-fraud-detector] [           main] com.zaxxer.hikari.pool.HikariPool        : HikariPool-1 - Added connection org.postgresql.jdbc.PgConnection@3e5cbcfe
2026-01-07T17:40:09.354+03:00  INFO 27420 --- [aml-fraud-detector] [           main] com.zaxxer.hikari.HikariDataSource       : HikariPool-1 - Start completed.
2026-01-07T17:40:09.390+03:00  INFO 27420 --- [aml-fraud-detector] [           main] o.hibernate.jpa.internal.util.LogHelper  : HHH000204: Processing PersistenceUnitInfo [name: default]
2026-01-07T17:40:09.429+03:00  INFO 27420 --- [aml-fraud-detector] [           main] org.hibernate.Version                    : HHH000412: Hibernate ORM core version 6.3.1.Final
2026-01-07T17:40:09.454+03:00  INFO 27420 --- [aml-fraud-detector] [           main] o.h.c.internal.RegionFactoryInitiator    : HHH000026: Second-level cache disabled
2026-01-07T17:40:09.520+03:00  INFO 27420 --- [aml-fraud-detector] [           main] o.h.e.boot.internal.EnversServiceImpl    : Envers integration enabled? : true
2026-01-07T17:40:09.642+03:00  INFO 27420 --- [aml-fraud-detector] [           main] o.s.o.j.p.SpringPersistenceUnitInfo      : No LoadTimeWeaver setup: ignoring JPA class transformer
2026-01-07T17:40:10.190+03:00  INFO 27420 --- [aml-fraud-detector] [           main] o.h.e.c.i.m.AuditMetadataGenerator       : Adding properties for entity: com.posgateway.aml.entity.compliance.ComplianceDeadline
2026-01-07T17:40:10.192+03:00  INFO 27420 --- [aml-fraud-detector] [           main] o.h.e.c.i.m.AuditMetadataGenerator       : Adding properties for entity: com.posgateway.aml.entity.compliance.CaseActivity
2026-01-07T17:40:10.192+03:00  INFO 27420 --- [aml-fraud-detector] [           main] o.h.e.c.i.m.AuditMetadataGenerator       : Adding properties for entity: com.posgateway.aml.entity.compliance.CaseTransaction
2026-01-07T17:40:10.192+03:00  INFO 27420 --- [aml-fraud-detector] [           main] o.h.e.c.i.m.AuditMetadataGenerator       : Adding properties for entity: com.posgateway.aml.entity.compliance.CaseNote
2026-01-07T17:40:10.192+03:00  INFO 27420 --- [aml-fraud-detector] [           main] o.h.e.c.i.m.AuditMetadataGenerator       : Adding properties for entity: com.posgateway.aml.entity.compliance.EscalationRule
2026-01-07T17:40:10.192+03:00  INFO 27420 --- [aml-fraud-detector] [           main] o.h.e.c.i.m.AuditMetadataGenerator       : Adding properties for entity: com.posgateway.aml.entity.compliance.SuspiciousActivityReport
2026-01-07T17:40:10.193+03:00  INFO 27420 --- [aml-fraud-detector] [           main] o.h.e.c.i.m.AuditMetadataGenerator       : Adding properties for entity: com.posgateway.aml.entity.compliance.CaseEvidence
2026-01-07T17:40:10.193+03:00  INFO 27420 --- [aml-fraud-detector] [           main] o.h.e.c.i.m.AuditMetadataGenerator       : Adding properties for entity: com.posgateway.aml.entity.compliance.CaseQueue
2026-01-07T17:40:10.194+03:00  INFO 27420 --- [aml-fraud-detector] [           main] o.h.e.c.i.m.AuditMetadataGenerator       : Adding properties for entity: com.posgateway.aml.entity.compliance.ComplianceCase
2026-01-07T17:40:11.303+03:00 ERROR 27420 --- [aml-fraud-detector] [           main] o.h.metamodel.internal.MetadataContext   : HHH015007: Illegal argument on static metamodel field injection : org.hibernate.envers.DefaultRevisionEntity_#class_; expected type :  org.hibernate.metamodel.model.domain.internal.EntityTypeImpl; encountered type : jakarta.persistence.metamodel.MappedSuperclassType
2026-01-07T17:40:11.311+03:00  INFO 27420 --- [aml-fraud-detector] [           main] o.h.e.t.j.p.i.JtaPlatformInitiator       : HHH000489: No JTA platform available (set 'hibernate.transaction.jta.platform' to enable JTA platform integration)
2026-01-07T17:40:11.314+03:00  INFO 27420 --- [aml-fraud-detector] [           main] j.LocalContainerEntityManagerFactoryBean : Initialized JPA EntityManagerFactory for persistence unit 'default'
2026-01-07T17:40:11.743+03:00  INFO 27420 --- [aml-fraud-detector] [           main] o.s.d.j.r.query.QueryEnhancerFactory     : Hibernate is in classpath; If applicable, HQL parser will be used.
2026-01-07T17:40:12.465+03:00  INFO 27420 --- [aml-fraud-detector] [           main] c.p.a.service.PrometheusMetricsService   : PrometheusMetricsService initialized with comprehensive metrics collection
2026-01-07T17:40:13.079+03:00  INFO 27420 --- [aml-fraud-detector] [           main] c.p.a.s.AerospikeConnectionService       : Aerospike is disabled - connection service not initialized
2026-01-07T17:40:13.085+03:00 DEBUG 27420 --- [aml-fraud-detector] [           main] c.p.a.s.AerospikeConnectionManager       : Aerospike is disabled - connection manager not started
2026-01-07T17:40:14.268+03:00  INFO 27420 --- [aml-fraud-detector] [           main] c.p.aml.service.Http2FailoverService     : HTTP/2 failover is disabled, using HTTP/1.1
2026-01-07T17:40:17.170+03:00 DEBUG 27420 --- [aml-fraud-detector] [           main] c.p.aml.aspect.PiiMaskingAspect          : Entering: getType with arguments: []
2026-01-07T17:40:17.170+03:00 DEBUG 27420 --- [aml-fraud-detector] [           main] c.p.aml.aspect.PiiMaskingAspect          : Exiting: getType with result: CENTRAL_BANK
2026-01-07T17:40:17.170+03:00 DEBUG 27420 --- [aml-fraud-detector] [           main] c.p.aml.aspect.PiiMaskingAspect          : Entering: getType with arguments: []
2026-01-07T17:40:17.170+03:00 DEBUG 27420 --- [aml-fraud-detector] [           main] c.p.aml.aspect.PiiMaskingAspect          : Exiting: getType with result: SCHEME_MONITORING
2026-01-07T17:40:17.938+03:00  INFO 27420 --- [aml-fraud-detector] [           main] c.p.aml.service.RequestBufferingService  : RequestBufferingService initialized with buffer size: 50000
2026-01-07T17:40:18.634+03:00  WARN 27420 --- [aml-fraud-detector] [           main] ConfigServletWebServerApplicationContext : Exception encountered during context initialization - cancelling refresh attempt: org.springframework.beans.factory.BeanCreationException: Error creating bean with name 'sanctionsListDownloadService': Injection of autowired dependencies failed
2026-01-07T17:40:18.650+03:00  INFO 27420 --- [aml-fraud-detector] [           main] j.LocalContainerEntityManagerFactoryBean : Closing JPA EntityManagerFactory for persistence unit 'default'
2026-01-07T17:40:18.651+03:00  INFO 27420 --- [aml-fraud-detector] [           main] com.zaxxer.hikari.HikariDataSource       : HikariPool-1 - Shutdown initiated...
2026-01-07T17:40:18.656+03:00  INFO 27420 --- [aml-fraud-detector] [           main] com.zaxxer.hikari.HikariDataSource       : HikariPool-1 - Shutdown completed.
2026-01-07T17:40:18.660+03:00  INFO 27420 --- [aml-fraud-detector] [           main] o.apache.catalina.core.StandardService   : Stopping service [Tomcat]
2026-01-07T17:40:18.675+03:00  INFO 27420 --- [aml-fraud-detector] [           main] .s.b.a.l.ConditionEvaluationReportLogger : 

Error starting ApplicationContext. To display the condition evaluation report re-run your application with 'debug' enabled.
2026-01-07T17:40:18.688+03:00 ERROR 27420 --- [aml-fraud-detector] [           main] o.s.boot.SpringApplication               : Application run failed

org.springframework.beans.factory.BeanCreationException: Error creating bean with name 'sanctionsListDownloadService': Injection of autowired dependencies failed
	at org.springframework.beans.factory.annotation.AutowiredAnnotationBeanPostProcessor.postProcessProperties(AutowiredAnnotationBeanPostProcessor.java:499) ~[spring-beans-6.1.1.jar:6.1.1]
	at org.springframework.beans.factory.support.AbstractAutowireCapableBeanFactory.populateBean(AbstractAutowireCapableBeanFactory.java:1420) ~[spring-beans-6.1.1.jar:6.1.1]
	at org.springframework.beans.factory.support.AbstractAutowireCapableBeanFactory.doCreateBean(AbstractAutowireCapableBeanFactory.java:600) ~[spring-beans-6.1.1.jar:6.1.1]
	at org.springframework.beans.factory.support.AbstractAutowireCapableBeanFactory.createBean(AbstractAutowireCapableBeanFactory.java:523) ~[spring-beans-6.1.1.jar:6.1.1]
	at org.springframework.beans.factory.support.AbstractBeanFactory.lambda$doGetBean$0(AbstractBeanFactory.java:325) ~[spring-beans-6.1.1.jar:6.1.1]
	at org.springframework.beans.factory.support.DefaultSingletonBeanRegistry.getSingleton(DefaultSingletonBeanRegistry.java:234) ~[spring-beans-6.1.1.jar:6.1.1]
	at org.springframework.beans.factory.support.AbstractBeanFactory.doGetBean(AbstractBeanFactory.java:323) ~[spring-beans-6.1.1.jar:6.1.1]
	at org.springframework.beans.factory.support.AbstractBeanFactory.getBean(AbstractBeanFactory.java:199) ~[spring-beans-6.1.1.jar:6.1.1]
	at org.springframework.beans.factory.support.DefaultListableBeanFactory.preInstantiateSingletons(DefaultListableBeanFactory.java:973) ~[spring-beans-6.1.1.jar:6.1.1]
	at org.springframework.context.support.AbstractApplicationContext.finishBeanFactoryInitialization(AbstractApplicationContext.java:946) ~[spring-context-6.1.1.jar:6.1.1]
	at org.springframework.context.support.AbstractApplicationContext.refresh(AbstractApplicationContext.java:616) ~[spring-context-6.1.1.jar:6.1.1]
	at org.springframework.boot.web.servlet.context.ServletWebServerApplicationContext.refresh(ServletWebServerApplicationContext.java:146) ~[spring-boot-3.2.0.jar:3.2.0]
	at org.springframework.boot.SpringApplication.refresh(SpringApplication.java:753) ~[spring-boot-3.2.0.jar:3.2.0]
	at org.springframework.boot.SpringApplication.refreshContext(SpringApplication.java:455) ~[spring-boot-3.2.0.jar:3.2.0]
	at org.springframework.boot.SpringApplication.run(SpringApplication.java:323) ~[spring-boot-3.2.0.jar:3.2.0]
	at org.springframework.boot.SpringApplication.run(SpringApplication.java:1342) ~[spring-boot-3.2.0.jar:3.2.0]
	at org.springframework.boot.SpringApplication.run(SpringApplication.java:1331) ~[spring-boot-3.2.0.jar:3.2.0]
	at com.posgateway.aml.AmlFraudDetectorApplication.main(AmlFraudDetectorApplication.java:23) ~[classes/:na]
Caused by: java.lang.IllegalArgumentException: Could not resolve placeholder 'sanctions.opensanctions.url' in value "${sanctions.opensanctions.url}"
	at org.springframework.util.PropertyPlaceholderHelper.parseStringValue(PropertyPlaceholderHelper.java:180) ~[spring-core-6.1.1.jar:6.1.1]
	at org.springframework.util.PropertyPlaceholderHelper.replacePlaceholders(PropertyPlaceholderHelper.java:126) ~[spring-core-6.1.1.jar:6.1.1]
	at org.springframework.core.env.AbstractPropertyResolver.doResolvePlaceholders(AbstractPropertyResolver.java:239) ~[spring-core-6.1.1.jar:6.1.1]
	at org.springframework.core.env.AbstractPropertyResolver.resolveRequiredPlaceholders(AbstractPropertyResolver.java:210) ~[spring-core-6.1.1.jar:6.1.1]
	at org.springframework.context.support.PropertySourcesPlaceholderConfigurer.lambda$processProperties$0(PropertySourcesPlaceholderConfigurer.java:200) ~[spring-context-6.1.1.jar:6.1.1]
	at org.springframework.beans.factory.support.AbstractBeanFactory.resolveEmbeddedValue(AbstractBeanFactory.java:921) ~[spring-beans-6.1.1.jar:6.1.1]
	at org.springframework.beans.factory.support.DefaultListableBeanFactory.doResolveDependency(DefaultListableBeanFactory.java:1372) ~[spring-beans-6.1.1.jar:6.1.1]
	at org.springframework.beans.factory.support.DefaultListableBeanFactory.resolveDependency(DefaultListableBeanFactory.java:1348) ~[spring-beans-6.1.1.jar:6.1.1]
	at org.springframework.beans.factory.annotation.AutowiredAnnotationBeanPostProcessor$AutowiredFieldElement.resolveFieldValue(AutowiredAnnotationBeanPostProcessor.java:769) ~[spring-beans-6.1.1.jar:6.1.1]
	at org.springframework.beans.factory.annotation.AutowiredAnnotationBeanPostProcessor$AutowiredFieldElement.inject(AutowiredAnnotationBeanPostProcessor.java:752) ~[spring-beans-6.1.1.jar:6.1.1]
	at org.springframework.beans.factory.annotation.InjectionMetadata.inject(InjectionMetadata.java:145) ~[spring-beans-6.1.1.jar:6.1.1]
	at org.springframework.beans.factory.annotation.AutowiredAnnotationBeanPostProcessor.postProcessProperties(AutowiredAnnotationBeanPostProcessor.java:493) ~[spring-beans-6.1.1.jar:6.1.1]
	... 17 common frames omitted

[INFO] ------------------------------------------------------------------------
[INFO] BUILD FAILURE
[INFO] ------------------------------------------------------------------------
[INFO] Total time:  17.404 s
[INFO] Finished at: 2026-01-07T17:40:20+03:00
[INFO] ------------------------------------------------------------------------
[ERROR] Failed to execute goal org.springframework.boot:spring-boot-maven-plugin:3.2.0:run (default-cli) on project aml-fraud-detector: Process terminated with exit code: 1 -> [Help 1]
[ERROR] 
[ERROR] To see the full stack trace of the errors, re-run Maven with the -e switch.
[ERROR] Re-run Maven using the -X switch to enable full debug logging.
[ERROR] 
[ERROR] For more information about the errors and possible solutions, please read the following articles:
[ERROR] [Help 1] http://cwiki.apache.org/confluence/display/MAVEN/MojoExecutionException
